WARNING:root:Need 11 character video id or the URL of the video. Got //None
DEBUG:root:Yayay Jayati
DEBUG:root:youtube
DEBUG:root:QntBkDFkiuY
DEBUG:root:fYwRsJAPfec
DEBUG:root:UOqkhnckKTM
DEBUG:root:_QdPW8JrYzQ
DEBUG:root:VpATBBRajP8
DEBUG:root:0II-EFw9J0A
WARNING:root:QntBkDFkiuY
DEBUG:root:https://www.youtube.com/watch?v=QntBkDFkiuY
DEBUG:root:https://www.youtube.com/watch?v=fYwRsJAPfec
DEBUG:root:https://www.youtube.com/watch?v=UOqkhnckKTM
DEBUG:root:https://www.youtube.com/watch?v=_QdPW8JrYzQ
DEBUG:root:https://www.youtube.com/watch?v=VpATBBRajP8
DEBUG:root:https://www.youtube.com/watch?v=0II-EFw9J0A
DEBUG:root:Will Smith Surprises Viral Video Classmates for Their Kindness
DEBUG:root:Jorja Smith - Blue Lights | A COLORS SHOW
DEBUG:root:10 Things Lil Uzi Vert Can't Live Without | GQ
DEBUG:root:This is what happens when you reply to spam email | James Veitch
DEBUG:root:Slipknot - Unsainted [OFFICIAL VIDEO]
DEBUG:root:NLE Choppa - Camelot (Dir. by @_ColeBennett_)
WARNING:root:Need 11 character video id or the URL of the video. Got //None
DEBUG:root:Yayay Jayati
DEBUG:root:yout
DEBUG:root:QntBkDFkiuY
DEBUG:root:fYwRsJAPfec
DEBUG:root:UOqkhnckKTM
DEBUG:root:_QdPW8JrYzQ
DEBUG:root:VpATBBRajP8
DEBUG:root:0II-EFw9J0A
WARNING:root:QntBkDFkiuY
DEBUG:root:https://www.youtube.com/watch?v=QntBkDFkiuY
DEBUG:root:https://www.youtube.com/watch?v=fYwRsJAPfec
DEBUG:root:https://www.youtube.com/watch?v=UOqkhnckKTM
DEBUG:root:https://www.youtube.com/watch?v=_QdPW8JrYzQ
DEBUG:root:https://www.youtube.com/watch?v=VpATBBRajP8
DEBUG:root:https://www.youtube.com/watch?v=0II-EFw9J0A
DEBUG:root:Will Smith Surprises Viral Video Classmates for Their Kindness
DEBUG:root:Jorja Smith - Blue Lights | A COLORS SHOW
DEBUG:root:10 Things Lil Uzi Vert Can't Live Without | GQ
DEBUG:root:This is what happens when you reply to spam email | James Veitch
DEBUG:root:Slipknot - Unsainted [OFFICIAL VIDEO]
DEBUG:root:NLE Choppa - Camelot (Dir. by @_ColeBennett_)
DEBUG:root:Yayay Jayati
DEBUG:root:yout
DEBUG:root:QntBkDFkiuY
DEBUG:root:fYwRsJAPfec
DEBUG:root:UOqkhnckKTM
DEBUG:root:_QdPW8JrYzQ
DEBUG:root:VpATBBRajP8
DEBUG:root:0II-EFw9J0A
WARNING:root:QntBkDFkiuY
DEBUG:root:https://www.youtube.com/watch?v=QntBkDFkiuY
DEBUG:root:https://www.youtube.com/watch?v=fYwRsJAPfec
DEBUG:root:https://www.youtube.com/watch?v=UOqkhnckKTM
DEBUG:root:https://www.youtube.com/watch?v=_QdPW8JrYzQ
DEBUG:root:https://www.youtube.com/watch?v=VpATBBRajP8
DEBUG:root:https://www.youtube.com/watch?v=0II-EFw9J0A
DEBUG:root:https://www.youtube.com/watch?v=QntBkDFkiuY
DEBUG:root:https://www.youtube.com/watch?v=fYwRsJAPfec
DEBUG:root:https://www.youtube.com/watch?v=UOqkhnckKTM
DEBUG:root:https://www.youtube.com/watch?v=_QdPW8JrYzQ
DEBUG:root:https://www.youtube.com/watch?v=VpATBBRajP8
DEBUG:root:https://www.youtube.com/watch?v=0II-EFw9J0A
DEBUG:root:Will Smith Surprises Viral Video Classmates for Their Kindness
DEBUG:root:Jorja Smith - Blue Lights | A COLORS SHOW
DEBUG:root:10 Things Lil Uzi Vert Can't Live Without | GQ
DEBUG:root:This is what happens when you reply to spam email | James Veitch
DEBUG:root:Slipknot - Unsainted [OFFICIAL VIDEO]
DEBUG:root:NLE Choppa - Camelot (Dir. by @_ColeBennett_)
DEBUG:root:Will Smith Surprises Viral Video Classmates for Their Kindness
DEBUG:root:Jorja Smith - Blue Lights | A COLORS SHOW
DEBUG:root:10 Things Lil Uzi Vert Can't Live Without | GQ
DEBUG:root:This is what happens when you reply to spam email | James Veitch
DEBUG:root:Slipknot - Unsainted [OFFICIAL VIDEO]
DEBUG:root:NLE Choppa - Camelot (Dir. by @_ColeBennett_)
DEBUG:root:Will Smith Surprises Viral Video Classmates for Their Kindness
DEBUG:root:Jorja Smith - Blue Lights | A COLORS SHOW
DEBUG:root:10 Things Lil Uzi Vert Can't Live Without | GQ
DEBUG:root:This is what happens when you reply to spam email | James Veitch
WARNING:root:Need 11 character video id or the URL of the video. Got //None
DEBUG:root:Yayay Jayati
DEBUG:root:
DEBUG:root:QntBkDFkiuY
DEBUG:root:fYwRsJAPfec
DEBUG:root:UOqkhnckKTM
DEBUG:root:_QdPW8JrYzQ
WARNING:root:QntBkDFkiuY
DEBUG:root:https://www.youtube.com/watch?v=QntBkDFkiuY
DEBUG:root:https://www.youtube.com/watch?v=fYwRsJAPfec
DEBUG:root:https://www.youtube.com/watch?v=UOqkhnckKTM
DEBUG:root:https://www.youtube.com/watch?v=_QdPW8JrYzQ
DEBUG:root:Will Smith Surprises Viral Video Classmates for Their Kindness
DEBUG:root:Jorja Smith - Blue Lights | A COLORS SHOW
DEBUG:root:10 Things Lil Uzi Vert Can't Live Without | GQ
DEBUG:root:This is what happens when you reply to spam email | James Veitch
WARNING:root:Need 11 character video id or the URL of the video. Got //None
DEBUG:root:Yayay Jayati
DEBUG:root:
DEBUG:root:QntBkDFkiuY
DEBUG:root:fYwRsJAPfec
DEBUG:root:UOqkhnckKTM
DEBUG:root:_QdPW8JrYzQ
WARNING:root:QntBkDFkiuY
DEBUG:root:https://www.youtube.com/watch?v=QntBkDFkiuY
DEBUG:root:https://www.youtube.com/watch?v=fYwRsJAPfec
DEBUG:root:https://www.youtube.com/watch?v=UOqkhnckKTM
DEBUG:root:https://www.youtube.com/watch?v=_QdPW8JrYzQ
DEBUG:root:Will Smith Surprises Viral Video Classmates for Their Kindness
DEBUG:root:Jorja Smith - Blue Lights | A COLORS SHOW
DEBUG:root:10 Things Lil Uzi Vert Can't Live Without | GQ
DEBUG:root:This is what happens when you reply to spam email | James Veitch
WARNING:root:Need 11 character video id or the URL of the video. Got //None
DEBUG:root:Yayay Jayati
DEBUG:root:
DEBUG:root:QntBkDFkiuY
DEBUG:root:fYwRsJAPfec
DEBUG:root:UOqkhnckKTM
DEBUG:root:_QdPW8JrYzQ
WARNING:root:QntBkDFkiuY
DEBUG:root:https://www.youtube.com/watch?v=QntBkDFkiuY
DEBUG:root:https://www.youtube.com/watch?v=fYwRsJAPfec
DEBUG:root:https://www.youtube.com/watch?v=UOqkhnckKTM
DEBUG:root:https://www.youtube.com/watch?v=_QdPW8JrYzQ
DEBUG:root:Will Smith Surprises Viral Video Classmates for Their Kindness
DEBUG:root:Jorja Smith - Blue Lights | A COLORS SHOW
DEBUG:root:10 Things Lil Uzi Vert Can't Live Without | GQ
DEBUG:root:This is what happens when you reply to spam email | James Veitch
DEBUG:root:hi
WARNING:root:Need 11 character video id or the URL of the video. Got //None
DEBUG:root:Yayay Jayati
DEBUG:root:
DEBUG:root:QntBkDFkiuY
WARNING:root:QntBkDFkiuY
DEBUG:root:https://www.youtube.com/watch?v=QntBkDFkiuY
DEBUG:root:Will Smith Surprises Viral Video Classmates for Their Kindness
WARNING:root:Need 11 character video id or the URL of the video. Got //None
DEBUG:root:Yayay Jayati
DEBUG:root:
DEBUG:root:QntBkDFkiuY
WARNING:root:QntBkDFkiuY
DEBUG:root:https://www.youtube.com/watch?v=QntBkDFkiuY
DEBUG:root:Will Smith Surprises Viral Video Classmates for Their Kindness
DEBUG:root:Will Smith Surprises Viral Video Classmates for Their Kindness
WARNING:root:Need 11 character video id or the URL of the video. Got //None
DEBUG:root:Yayay Jayati
DEBUG:root:
DEBUG:root:QntBkDFkiuY
WARNING:root:QntBkDFkiuY
DEBUG:root:https://www.youtube.com/watch?v=QntBkDFkiuY
DEBUG:root:Will Smith Surprises Viral Video Classmates for Their Kindness
WARNING:root:Will Smith Surprises Viral Video Classmates for Their Kindness
WARNING:root:Need 11 character video id or the URL of the video. Got //None
DEBUG:root:Yayay Jayati
DEBUG:root:
DEBUG:root:QntBkDFkiuY
WARNING:root:QntBkDFkiuY
DEBUG:root:https://www.youtube.com/watch?v=QntBkDFkiuY
DEBUG:root:Will Smith Surprises Viral Video Classmates for Their Kindness
WARNING:root:Need 11 character video id or the URL of the video. Got //None
DEBUG:root:Yayay Jayati
DEBUG:root:
DEBUG:root:QntBkDFkiuY
WARNING:root:QntBkDFkiuY
DEBUG:root:https://www.youtube.com/watch?v=QntBkDFkiuY
DEBUG:root:Will Smith Surprises Viral Video Classmates for Their Kindness
WARNING:root:Need 11 character video id or the URL of the video. Got //None
DEBUG:root:Yayay Jayati
DEBUG:root:sdasd
DEBUG:root:QntBkDFkiuY
WARNING:root:QntBkDFkiuY
DEBUG:root:https://www.youtube.com/watch?v=QntBkDFkiuY
DEBUG:root:Will Smith Surprises Viral Video Classmates for Their Kindness
DEBUG:root:hshshsh
WARNING:root:Need 11 character video id or the URL of the video. Got //None
DEBUG:root:hshshsh
WARNING:root:{'inputsearch': 'sdasd', 'listid': ['QntBkDFkiuY'], 'listtitle': ['Will Smith Surprises Viral Video Classmates for Their Kindness'], 'listurl': ['https://www.youtube.com/watch?v=QntBkDFkiuY']}
WARNING:root:Need 11 character video id or the URL of the video. Got //None
DEBUG:root:Yayay Jayati
DEBUG:root:
DEBUG:root:QntBkDFkiuY
WARNING:root:QntBkDFkiuY
DEBUG:root:https://www.youtube.com/watch?v=QntBkDFkiuY
DEBUG:root:Will Smith Surprises Viral Video Classmates for Their Kindness
DEBUG:root:hshshsh
WARNING:root:{'inputsearch': '', 'listid': ['QntBkDFkiuY'], 'listtitle': ['Will Smith Surprises Viral Video Classmates for Their Kindness'], 'listurl': ['https://www.youtube.com/watch?v=QntBkDFkiuY']}
DEBUG:root:hshshsh
WARNING:root:{'inputsearch': '', 'listid': ['QntBkDFkiuY'], 'listtitle': ['Will Smith Surprises Viral Video Classmates for Their Kindness'], 'listurl': ['https://www.youtube.com/watch?v=QntBkDFkiuY']}
WARNING:root:Need 11 character video id or the URL of the video. Got //None
DEBUG:root:Yayay Jayati
DEBUG:root:
DEBUG:root:QntBkDFkiuY
WARNING:root:QntBkDFkiuY
DEBUG:root:https://www.youtube.com/watch?v=QntBkDFkiuY
DEBUG:root:Will Smith Surprises Viral Video Classmates for Their Kindness
DEBUG:root:hshshsh
WARNING:root:{'inputsearch': '', 'listid': ['QntBkDFkiuY'], 'listtitle': ['Will Smith Surprises Viral Video Classmates for Their Kindness'], 'listurl': ['https://www.youtube.com/watch?v=QntBkDFkiuY']}
DEBUG:root:hshshsh
WARNING:root:{'inputsearch': '', 'listid': ['QntBkDFkiuY'], 'listtitle': ['Will Smith Surprises Viral Video Classmates for Their Kindness'], 'listurl': ['https://www.youtube.com/watch?v=QntBkDFkiuY']}
